<?xml version="1.0" encoding="UTF-8"?>
<!-- Generated by org.testng.reporters.JUnitReportReporter -->
<testsuite hostname="DESKTOP-LH0VLBU" failures="0" tests="1" name="test.LoginTest" time="24.550" errors="0" timestamp="2022-12-16T12:03:17 CST" skipped="0">
  <testcase classname="test.LoginTest" name="validUserShouldBeAbleToLogin" time="24.550"/>
  <system-out/>
</testsuite> <!-- test.LoginTest -->
