<?xml version="1.0" encoding="UTF-8"?>
<!-- Generated by org.testng.reporters.JUnitReportReporter -->
<testsuite hostname="DESKTOP-LH0VLBU" failures="0" tests="1" name="test.AddCustomerTest" time="10.002" errors="0" timestamp="2022-12-16T12:59:26 CST" skipped="0">
  <testcase classname="test.AddCustomerTest" name="ValidUserShoulBeTbleToAddCustomer" time="10.002"/>
  <system-out/>
</testsuite> <!-- test.AddCustomerTest -->
